<?xml version="1.0" encoding="UTF-8"?>
<!-- Generated by org.testng.reporters.JUnitXMLReporter -->
<testsuite ignored="1" hostname="PRADEEP" failures="0" tests="1" name="Default test" time="18.565" errors="0" timestamp="2026-07-02T10:52:17 IST">
  <testcase classname="actionsinwebpages.actionclass" name="mousehovers" time="15.935"/>
  <testcase classname="actionsinwebpages.actionclass" name="keyboardenterrightclick" time="0.0">
    <ignored/>
  </testcase> <!-- keyboardenterrightclick -->
</testsuite> <!-- Default test -->
