<?xml version="1.0" encoding="UTF-8"?>
<!-- Generated by org.testng.reporters.JUnitXMLReporter -->
<testsuite ignored="2" hostname="PRADEEP" failures="0" tests="2" name="GroupsTest" time="0.091" errors="0" timestamp="2026-06-22T21:50:25 IST">
  <testcase classname="TestNg.GroupsTest" name="login" time="0.013"/>
  <testcase classname="TestNg.GroupsTest" name="logout" time="0.003"/>
  <testcase classname="TestNg.GroupsTest" name="payment" time="0.0">
    <ignored/>
  </testcase> <!-- payment -->
  <testcase classname="TestNg.GroupsTest" name="search" time="0.0">
    <ignored/>
  </testcase> <!-- search -->
</testsuite> <!-- GroupsTest -->
