<?xml version="1.0" encoding="UTF-8"?>
<testng-results ignored="1" total="2" passed="1" failed="0" skipped="0">
  <reporter-output>
  </reporter-output>
  <suite started-at="2026-07-02T10:51:58 IST" name="Default suite" finished-at="2026-07-02T10:52:17 IST" duration-ms="18565">
    <groups>
    </groups>
    <test started-at="2026-07-02T10:51:58 IST" name="Default test" finished-at="2026-07-02T10:52:17 IST" duration-ms="18565">
      <class name="actionsinwebpages.actionclass">
        <test-method is-config="true" signature="beforeTest()[pri:0, instance:actionsinwebpages.actionclass@1ff4931d]" started-at="2026-07-02T10:51:58 IST" name="beforeTest" finished-at="2026-07-02T10:52:01 IST" duration-ms="2511" status="PASS">
          <reporter-output>
          </reporter-output>
        </test-method> <!-- beforeTest -->
        <test-method signature="mousehovers()[pri:0, instance:actionsinwebpages.actionclass@1ff4931d]" started-at="2026-07-02T10:52:01 IST" name="mousehovers" finished-at="2026-07-02T10:52:17 IST" duration-ms="15935" status="PASS">
          <reporter-output>
          </reporter-output>
        </test-method> <!-- mousehovers -->
      </class> <!-- actionsinwebpages.actionclass -->
    </test> <!-- Default test -->
  </suite> <!-- Default suite -->
</testng-results>
