<?xml version="1.0" encoding="UTF-8"?>
<!-- Generated by org.testng.reporters.JUnitReportReporter -->
<testsuite hostname="PRADEEP" failures="0" tests="6" name="TestNg.ExecutionOrder" time="98.053" errors="0" timestamp="2026-06-21T19:47:21 IST" skipped="0">
  <testcase classname="TestNg.ExecutionOrder" name="facebook" time="13.278"/>
  <testcase classname="TestNg.ExecutionOrder" name="selenium" time="4.116"/>
  <testcase classname="TestNg.ExecutionOrder" name="google" time="3.811"/>
  <testcase classname="TestNg.ExecutionOrder" name="zomato" time="14.317"/>
  <testcase classname="TestNg.ExecutionOrder" name="twitter" time="58.280"/>
  <testcase classname="TestNg.ExecutionOrder" name="Swiggy" time="4.251"/>
</testsuite> <!-- TestNg.ExecutionOrder -->
